07/09/2021 17:15:11	This log contains information about the import schema operation into project 'HabitTrackerDemoDB' on computer 'DESKTOP-AQCQP3N' by user 'Dan.G'.
07/09/2021 17:15:11	Import of database schema has started.
07/09/2021 17:15:25	Gathering database credentials
07/09/2021 17:15:25	Gathering database options
07/09/2021 17:15:25	Gathering users
07/09/2021 17:15:25	Gathering roles
07/09/2021 17:15:25	Gathering application roles
07/09/2021 17:15:25	Gathering role memberships
07/09/2021 17:15:25	Gathering filegroups
07/09/2021 17:15:25	Gathering full-text catalogs
07/09/2021 17:15:25	Gathering assemblies
07/09/2021 17:15:25	Gathering certificates
07/09/2021 17:15:25	Gathering asymmetric keys
07/09/2021 17:15:25	Gathering symmetric keys
07/09/2021 17:15:25	Gathering encrypted symmetric keys
07/09/2021 17:15:25	Gathering schemas
07/09/2021 17:15:25	Gathering XML schema collections
07/09/2021 17:15:25	Gathering user-defined data types
07/09/2021 17:15:25	Gathering user-defined types
07/09/2021 17:15:25	Gathering table types
07/09/2021 17:15:25	Gathering unique keys for table types
07/09/2021 17:15:25	Gathering primary keys for table types
07/09/2021 17:15:25	Gathering indexes for table types
07/09/2021 17:15:25	Gathering check constraints for table types
07/09/2021 17:15:25	Gathering default constraints for table types
07/09/2021 17:15:25	Gathering partition functions
07/09/2021 17:15:25	Gathering partition schemes
07/09/2021 17:15:26	Gathering functions
07/09/2021 17:15:26	Gathering encrypted functions
07/09/2021 17:15:26	Gathering aggregates
07/09/2021 17:15:26	Gathering procedures
07/09/2021 17:15:26	Gathering encrypted procedures
07/09/2021 17:15:26	Gathering tables
07/09/2021 17:15:27	Gathering primary keys
07/09/2021 17:15:27	Gathering unique constraints
07/09/2021 17:15:27	Gathering foreign keys
07/09/2021 17:15:27	Gathering default constraints
07/09/2021 17:15:27	Gathering check constraints
07/09/2021 17:15:27	Gathering views
07/09/2021 17:15:27	Gathering encrypted views
07/09/2021 17:15:27	Gathering indexes
07/09/2021 17:15:27	Gathering statistics
07/09/2021 17:15:27	Gathering full-text index stoplists
07/09/2021 17:15:27	Gathering search property lists
07/09/2021 17:15:27	Gathering search properties
07/09/2021 17:15:27	Gathering full-text indexes
07/09/2021 17:15:27	Gathering column store indexes
07/09/2021 17:15:27	Gathering spatial indexes
07/09/2021 17:15:27	Gathering XML indexes
07/09/2021 17:15:27	Gathering Selective XML indexes
07/09/2021 17:15:27	Gathering encrypted triggers
07/09/2021 17:15:27	Gathering triggers
07/09/2021 17:15:27	Gathering encrypted and clr ddl triggers
07/09/2021 17:15:27	Gathering ddl triggers
07/09/2021 17:15:27	Gathering synonyms
07/09/2021 17:15:27	Gathering defaults
07/09/2021 17:15:27	Gathering data constraint uddt bindings
07/09/2021 17:15:27	Gathering rules
07/09/2021 17:15:27	Gathering data constraint uddt bindings
07/09/2021 17:15:27	Gathering message types
07/09/2021 17:15:27	Gathering queues
07/09/2021 17:15:27	Gathering contracts
07/09/2021 17:15:27	Gathering services
07/09/2021 17:15:27	Gathering event notifications
07/09/2021 17:15:27	Gathering remote service bindings
07/09/2021 17:15:27	Gathering broker priorities
07/09/2021 17:15:27	Gathering signatures
07/09/2021 17:15:27	Gathering data compression options
07/09/2021 17:15:27	Gathering sequence types
07/09/2021 17:15:27	Gathering security policies
07/09/2021 17:15:27	Gather column encryption keys
07/09/2021 17:15:27	Gathering column master keys
07/09/2021 17:15:27	Gathering external data sources
07/09/2021 17:15:27	Gathering external file formats
07/09/2021 17:15:27	Gathering external tables
07/09/2021 17:15:27	Gathering extended properties
07/09/2021 17:15:27	Gathering credentials
07/09/2021 17:15:27	Gathering logins
07/09/2021 17:15:27	Gathering server audits
07/09/2021 17:15:28	Scanning project for duplicate elements
07/09/2021 17:15:28	Finished duplicate element processing
07/09/2021 17:15:29	Finished importing database.
07/09/2021 17:15:29	A summary of the import was saved to the following location: C:\Users\Dan.G\source\repos\HabitTrackerDemo\HabitTrackerDemoDB\Import Schema Logs\HabitTrackerDemoDB_20210907041511.log
07/09/2021 17:15:29	Click Finish to continue...
